1552931775050	mozrunner::runner	INFO	Running command: "/usr/bin/firefox" "-marionette" "-foreground" "-no-remote" "-profile" "/tmp/rust_mozprofile.RwDfgBMNEuXt"
1552931775718	addons.webextension.screenshots@mozilla.org	WARN	Loading extension 'screenshots@mozilla.org': Reading manifest: Invalid host permission: resource://pdf.js/
1552931775719	addons.webextension.screenshots@mozilla.org	WARN	Loading extension 'screenshots@mozilla.org': Reading manifest: Invalid host permission: about:reader*
1552931777311	Marionette	INFO	Listening on port 37883
1552931777379	Marionette	WARN	TLS certificate errors will be ignored for this session
[Parent 10128, Gecko_IOThread] WARNING: pipe error (78): Connection reset by peer: file /build/firefox-5TPFUC/firefox-65.0.1+build2/ipc/chromium/src/chrome/common/ipc_channel_posix.cc, line 349
[Parent 10128, Gecko_IOThread] WARNING: pipe error (70): Connection reset by peer: file /build/firefox-5TPFUC/firefox-65.0.1+build2/ipc/chromium/src/chrome/common/ipc_channel_posix.cc, line 349
1552931782695	Marionette	INFO	Stopped listening on port 37883
1552931809362	mozrunner::runner	INFO	Running command: "/usr/bin/firefox" "-marionette" "-foreground" "-no-remote" "-profile" "/tmp/rust_mozprofile.iszbIp263bHi"
1552931809683	addons.webextension.screenshots@mozilla.org	WARN	Loading extension 'screenshots@mozilla.org': Reading manifest: Invalid host permission: resource://pdf.js/
1552931809683	addons.webextension.screenshots@mozilla.org	WARN	Loading extension 'screenshots@mozilla.org': Reading manifest: Invalid host permission: about:reader*
1552931811028	Marionette	INFO	Listening on port 41933
1552931811073	Marionette	WARN	TLS certificate errors will be ignored for this session
[Parent 10467, Gecko_IOThread] WARNING: pipe error (109): Connection reset by peer: file /build/firefox-5TPFUC/firefox-65.0.1+build2/ipc/chromium/src/chrome/common/ipc_channel_posix.cc, line 349
1552931816936	Marionette	INFO	Stopped listening on port 41933
1552931990182	mozrunner::runner	INFO	Running command: "/usr/bin/firefox" "-marionette" "-foreground" "-no-remote" "-profile" "/tmp/rust_mozprofile.erMXRtEXJhAR"
1552931990500	addons.webextension.screenshots@mozilla.org	WARN	Loading extension 'screenshots@mozilla.org': Reading manifest: Invalid host permission: resource://pdf.js/
1552931990500	addons.webextension.screenshots@mozilla.org	WARN	Loading extension 'screenshots@mozilla.org': Reading manifest: Invalid host permission: about:reader*
1552931991979	Marionette	INFO	Listening on port 44521
1552931991998	Marionette	WARN	TLS certificate errors will be ignored for this session
Marionette threw an error: TypeError: this.curBrowser.contentBrowser is null
GeckoDriver.prototype.get@chrome://marionette/content/driver.js:1101:3

JavaScript error: https://apps.bazaarvoice.com/deployments/bloomingdales/main_site/production/en_US/bv.js, line 15: Error: Error: could not load https://apps.bazaarvoice.com/apps/reviews/reviews-0.2.2.js
JavaScript error: resource://gre/modules/WebProgressChild.jsm, line 58: TypeError: this.mm.content is null
1552932064980	mozrunner::runner	INFO	Running command: "/usr/bin/firefox" "-marionette" "-foreground" "-no-remote" "-profile" "/tmp/rust_mozprofile.zJvT6VvY3auj"
1552932065296	addons.webextension.screenshots@mozilla.org	WARN	Loading extension 'screenshots@mozilla.org': Reading manifest: Invalid host permission: resource://pdf.js/
1552932065296	addons.webextension.screenshots@mozilla.org	WARN	Loading extension 'screenshots@mozilla.org': Reading manifest: Invalid host permission: about:reader*
1552932066598	Marionette	INFO	Listening on port 41639
1552932066686	Marionette	WARN	TLS certificate errors will be ignored for this session
IPDL protocol error: Handler returned error code!

###!!! [Parent][DispatchAsyncMessage] Error: PLayerTransaction::Msg_ReleaseLayer Processing error: message was deserialized, but the handler returned false (indicating failure)

[Parent 11294, Gecko_IOThread] WARNING: pipe error (70): Connection reset by peer: file /build/firefox-5TPFUC/firefox-65.0.1+build2/ipc/chromium/src/chrome/common/ipc_channel_posix.cc, line 349
1552932077781	Marionette	INFO	Stopped listening on port 41639
console.error: BroadcastService: 
  receivedBroadcastMessage: handler for
  remote-settings/monitor_changes
  threw error:
  Message: Error: Polling for changes failed: NetworkError when attempting to fetch resource..
  Stack:
    remoteSettingsFunction/remoteSettings.pollChanges@resource://services-settings/remote-settings.js:188:13

[Parent 10909, Gecko_IOThread] WARNING: pipe error (54): Connection reset by peer: file /build/firefox-5TPFUC/firefox-65.0.1+build2/ipc/chromium/src/chrome/common/ipc_channel_posix.cc, line 349
[Parent 10909, Gecko_IOThread] WARNING: pipe error (70): Connection reset by peer: file /build/firefox-5TPFUC/firefox-65.0.1+build2/ipc/chromium/src/chrome/common/ipc_channel_posix.cc, line 349
1552936544894	Marionette	INFO	Stopped listening on port 44521
